<?xml version="1.0" encoding="UTF-8"?>
<!-- Generated by org.testng.reporters.JUnitXMLReporter -->
<testsuite hostname="HDC4-D-38P0RG2" ignored="0" name="Test" tests="4" failures="1" timestamp="2019-10-29T17:51:54 IST" time="0.079" errors="0">
  <testcase name="AddcartTest" time="0.012" classname="Selenium.Demo.NewTestTest"/>
  <testcase name="closureTest" time="0.001" classname="Selenium.Demo.NewTestTest"/>
  <testcase name="fTest" time="0.003" classname="Selenium.Demo.NewTestTest"/>
  <testcase name="loginTest" time="0.002" classname="Selenium.Demo.NewTestTest">
    <failure type="java.lang.RuntimeException" message="Test not implemented">
      <![CDATA[java.lang.RuntimeException: Test not implemented
at Selenium.Demo.NewTestTest.loginTest(NewTestTest.java:24)
at java.util.ArrayList.forEach(ArrayList.java:1257)
... Removed 27 stack frames]]>
    </failure>
  </testcase> <!-- loginTest -->
</testsuite> <!-- Test -->
